<?xml version="1.0" encoding="UTF-8"?>
<!-- Generated by org.testng.reporters.JUnitXMLReporter -->
<testsuite hostname="LP-71VDTS1" ignored="0" name="Test1" tests="4" failures="0" timestamp="25 Dec 2019 10:59:01 GMT" time="80.628" errors="0">
  <testcase name="TestSuite" time="0.008" classname="pom.mercury.tours.BatchExecution_Smoke"/>
  <testcase name="Sign_On" time="0.4" classname="pom.mercury.tours.DragAndDrop"/>
  <testcase name="Sign_On" time="6.815" classname="pom.mercury.tours.MouseHover_Ex"/>
  <testcase name="Sign_On" time="2.477" classname="pom.mercury.tours.NetBanking_Handl_WindwAlert"/>
</testsuite> <!-- Test1 -->
